<?xml version="1.0" encoding="UTF-8"?>
<!-- Generated by org.testng.reporters.JUnitReportReporter -->
<testsuite skipped="0" hostname="abbar-PC" name="com.Excel_newtour.Newtour_Register1" tests="4" failures="0" timestamp="05 Mar 2019 21:30:20 GMT" time="18.871" errors="0">
  <testcase name="Login" time="1.356" classname="com.Excel_newtour.Newtour_Register1"/>
  <testcase name="Validation" time="7.365" classname="com.Excel_newtour.Newtour_Register1"/>
  <testcase name="Validation1" time="5.175" classname="com.Excel_newtour.Newtour_Register1"/>
  <testcase name="Validation2" time="4.975" classname="com.Excel_newtour.Newtour_Register1"/>
</testsuite> <!-- com.Excel_newtour.Newtour_Register1 -->
