<?xml version="1.0" encoding="UTF-8"?>
<!-- Generated by org.testng.reporters.JUnitReportReporter -->
<testsuite skipped="0" hostname="abbar-PC" name="com.HandlingWindowBasedComponents.FileUpload" tests="1" failures="0" timestamp="20 Mar 2019 22:47:39 GMT" time="3.356" errors="0">
  <testcase name="imageUpload" time="3.356" classname="com.HandlingWindowBasedComponents.FileUpload"/>
</testsuite> <!-- com.HandlingWindowBasedComponents.FileUpload -->
