<?xml version="1.0" encoding="UTF-8"?>
<!-- Generated by org.testng.reporters.JUnitReportReporter -->
<testsuite skipped="0" hostname="abbar-PC" name="com.Annotations.Annotations5" tests="2" failures="0" timestamp="19 Mar 2019 20:39:57 GMT" time="6.753" errors="0">
  <testcase name="Login" time="0.784" classname="com.Annotations.Annotations5"/>
  <testcase name="validation" time="5.969" classname="com.Annotations.Annotations5"/>
</testsuite> <!-- com.Annotations.Annotations5 -->
