<?xml version="1.0" encoding="UTF-8"?>
<!-- Generated by org.testng.reporters.JUnitReportReporter -->
<testsuite skipped="1" hostname="abbar-PC" name="com.Annotations.Annotations2" tests="4" failures="0" timestamp="28 Feb 2019 21:25:03 GMT" time="0.016" errors="0">
  <testcase name="applicationlaunch" time="0.016" classname="com.Annotations.Annotations2"/>
  <testcase name="bing" time="0.000" classname="com.Annotations.Annotations2"/>
  <testcase name="drafts" time="0.000" classname="com.Annotations.Annotations2"/>
  <testcase name="compose" classname="com.Annotations.Annotations2">
    <skipped/>
  </testcase> <!-- compose -->
</testsuite> <!-- com.Annotations.Annotations2 -->
