<?xml version="1.0" encoding="UTF-8"?>
<!-- Generated by org.testng.reporters.JUnitReportReporter -->
<testsuite skipped="1" hostname="abbar-PC" name="com.Annotations.Annotations3" tests="4" failures="0" timestamp="04 Mar 2019 09:35:50 GMT" time="0.015" errors="0">
  <testcase name="bing" time="0.006" classname="com.Annotations.Annotations3"/>
  <testcase name="drafts" time="0.007" classname="com.Annotations.Annotations3"/>
  <testcase name="applicationlaunch" time="0.002" classname="com.Annotations.Annotations3"/>
  <testcase name="compose" classname="com.Annotations.Annotations3">
    <skipped/>
  </testcase> <!-- compose -->
</testsuite> <!-- com.Annotations.Annotations3 -->
