<?xml version="1.0" encoding="UTF-8"?>
<!-- Generated by org.testng.reporters.JUnitReportReporter -->
<testsuite skipped="0" hostname="abbar-PC" name="com.DataDriven.Newtour_register" tests="2" failures="0" timestamp="07 Mar 2019 22:51:22 GMT" time="4.698" errors="0">
  <testcase name="Login" time="0.683" classname="com.DataDriven.Newtour_register"/>
  <testcase name="Validation" time="4.015" classname="com.DataDriven.Newtour_register"/>
</testsuite> <!-- com.DataDriven.Newtour_register -->
