<?xml version="1.0" encoding="UTF-8"?>
<!-- Generated by org.testng.reporters.JUnitReportReporter -->
<testsuite skipped="0" hostname="abbar-PC" name="com.DataDriven.NewTour_Hybrid" tests="1" failures="0" timestamp="09 Mar 2019 00:12:03 GMT" time="9.956" errors="0">
  <testcase name="Register" time="9.956" classname="com.DataDriven.NewTour_Hybrid"/>
</testsuite> <!-- com.DataDriven.NewTour_Hybrid -->
