<?xml version="1.0" encoding="UTF-8"?>
<!-- Generated by org.testng.reporters.JUnitReportReporter -->
<testsuite skipped="0" hostname="abbar-PC" name="com.KeyWord.Register" tests="1" failures="0" timestamp="08 Mar 2019 23:17:16 GMT" time="10.244" errors="0">
  <testcase name="Validation" time="10.244" classname="com.KeyWord.Register"/>
</testsuite> <!-- com.KeyWord.Register -->
