<?xml version="1.0" encoding="UTF-8"?>
<!-- Generated by org.testng.reporters.JUnitReportReporter -->
<testsuite skipped="0" hostname="abbar-PC" name="com.Annotations.Annotations4" tests="2" failures="0" timestamp="28 Feb 2019 22:07:49 GMT" time="26.973" errors="0">
  <testcase name="signin" time="7.940" classname="com.Annotations.Annotations4"/>
  <testcase name="hiddenelement" time="19.033" classname="com.Annotations.Annotations4"/>
</testsuite> <!-- com.Annotations.Annotations4 -->
