<?xml version="1.0" encoding="UTF-8"?>
<!-- Generated by org.testng.reporters.JUnitReportReporter -->
<testsuite skipped="0" hostname="abbar-PC" name="com.Excel_newtour.Newtour_register_excel" tests="2" failures="0" timestamp="06 Mar 2019 12:56:57 GMT" time="69.243" errors="0">
  <testcase name="Login" time="0.720" classname="com.Excel_newtour.Newtour_register_excel"/>
  <testcase name="validation" time="68.523" classname="com.Excel_newtour.Newtour_register_excel"/>
</testsuite> <!-- com.Excel_newtour.Newtour_register_excel -->
