<?xml version="1.0" encoding="UTF-8"?>
<!-- Generated by org.testng.reporters.JUnitReportReporter -->
<testsuite skipped="0" hostname="abbar-PC" name="com.DataDriven.Newtour_login_annotation" tests="1" failures="0" timestamp="15 Mar 2019 11:23:24 GMT" time="6.208" errors="0">
  <testcase name="login" time="6.208" classname="com.DataDriven.Newtour_login_annotation"/>
</testsuite> <!-- com.DataDriven.Newtour_login_annotation -->
