<?xml version="1.0" encoding="UTF-8"?>
<!-- Generated by org.testng.reporters.JUnitReportReporter -->
<testsuite skipped="0" hostname="abbar-PC" name="com.Grid.NewTours_LogInTest" tests="2" failures="0" timestamp="19 Mar 2019 11:08:45 GMT" time="33.852" errors="0">
  <testcase name="login" time="16.166" classname="com.Grid.NewTours_LogInTest"/>
  <testcase name="login" time="17.686" classname="com.Grid.NewTours_LogInTest"/>
</testsuite> <!-- com.Grid.NewTours_LogInTest -->
