<?xml version="1.0" encoding="UTF-8"?>
<!-- Generated by org.testng.reporters.JUnitReportReporter -->
<testsuite skipped="1" hostname="abbar-PC" name="com.Annotations.Annotations1" tests="4" failures="0" timestamp="28 Feb 2019 21:16:55 GMT" time="0.016" errors="0">
  <testcase name="bing" time="0.000" classname="com.Annotations.Annotations1"/>
  <testcase name="applicationlaunch" time="0.000" classname="com.Annotations.Annotations1"/>
  <testcase name="inbox" time="0.016" classname="com.Annotations.Annotations1"/>
  <testcase name="compose" classname="com.Annotations.Annotations1">
    <skipped/>
  </testcase> <!-- compose -->
</testsuite> <!-- com.Annotations.Annotations1 -->
