<?xml version="1.0" encoding="UTF-8"?>
<!-- Generated by org.testng.reporters.JUnitReportReporter -->
<testsuite skipped="0" hostname="abbar-PC" name="com.KeyWord.LogInTest" tests="1" failures="0" timestamp="08 Mar 2019 13:10:02 GMT" time="7.988" errors="0">
  <testcase name="logIn" time="7.988" classname="com.KeyWord.LogInTest"/>
</testsuite> <!-- com.KeyWord.LogInTest -->
