<?xml version="1.0" encoding="UTF-8"?>
<!-- Generated by org.testng.reporters.JUnitReportReporter -->
<testsuite skipped="0" hostname="abbar-PC" name="com.NewTours.TestScripts.LoginTest" tests="1" failures="0" timestamp="07 Mar 2019 23:47:44 GMT" time="11.351" errors="0">
  <testcase name="login" time="11.351" classname="com.NewTours.TestScripts.LoginTest"/>
</testsuite> <!-- com.NewTours.TestScripts.LoginTest -->
