<?xml version="1.0" encoding="UTF-8"?>
<!-- Generated by org.testng.reporters.JUnitReportReporter -->
<testsuite skipped="0" hostname="abbar-PC" name="newTours.MyMaven.LoginTest" tests="1" failures="0" timestamp="19 Mar 2019 21:49:14 GMT" time="4.898" errors="0">
  <testcase name="logIn" time="4.898" classname="newTours.MyMaven.LoginTest"/>
</testsuite> <!-- newTours.MyMaven.LoginTest -->
